\BOOKMARK [0][-]{chapter.1}{\376\377\140\073\117\123\147\266\147\204}{}% 1
\BOOKMARK [0][-]{chapter.2}{\376\377\213\315\154\325\122\006\147\220}{}% 2
\BOOKMARK [1][-]{section.2.1}{\376\377\213\276\213\241\151\202\217\360}{chapter.2}% 3
\BOOKMARK [1][-]{section.2.2}{\376\377\177\026\170\001\124\016\166\204\117\356\145\071}{chapter.2}% 4
\BOOKMARK [0][-]{chapter.3}{\376\377\213\355\154\325\122\006\147\220}{}% 5
\BOOKMARK [1][-]{section.3.1}{\376\377\213\276\213\241\151\202\217\360}{chapter.3}% 6
\BOOKMARK [1][-]{section.3.2}{\376\377\213\276\213\241\176\306\202\202}{chapter.3}% 7
\BOOKMARK [2][-]{subsection.3.2.1}{\376\377\145\207\154\325\135\346\220\022\137\122\131\004\164\006}{section.3.2}% 8
\BOOKMARK [2][-]{subsection.3.2.2}{\376\377\215\113\120\074\213\355\123\345\116\016\210\150\217\276\137\017\213\355\123\345\123\072\122\006\225\356\230\230}{section.3.2}% 9
\BOOKMARK [2][-]{subsection.3.2.3}{\376\377\116\072\225\031\213\357\131\004\164\006\230\204\165\131\143\245\123\343}{section.3.2}% 10
\BOOKMARK [1][-]{section.3.3}{\376\377\177\026\170\001\124\016\166\204\117\356\145\071}{chapter.3}% 11
\BOOKMARK [0][-]{chapter.4}{\376\377\213\355\116\111\122\006\147\220\124\214\225\031\213\357\131\004\164\006}{}% 12
\BOOKMARK [1][-]{section.4.1}{\376\377\213\276\213\241\151\202\217\360}{chapter.4}% 13
\BOOKMARK [1][-]{section.4.2}{\376\377\213\276\213\241\176\306\202\202}{chapter.4}% 14
\BOOKMARK [2][-]{subsection.4.2.1}{\376\377\213\355\154\325\225\031\213\357\131\004\164\006}{section.4.2}% 15
\BOOKMARK [2][-]{subsection.4.2.2}{\376\377\213\355\116\111\122\006\147\220\116\016\213\355\116\111\225\031\213\357\131\004\164\006}{section.4.2}% 16
\BOOKMARK [2][-]{subsection.4.2.3}{\376\377\173\046\123\367\210\150\213\276\213\241}{section.4.2}% 17
\BOOKMARK [1][-]{section.4.3}{\376\377\177\026\170\001\124\016\166\204\117\356\145\071}{chapter.4}% 18
\BOOKMARK [0][-]{chapter.5}{\376\377\116\055\225\364\116\343\170\001\165\037\142\020}{}% 19
\BOOKMARK [1][-]{section.5.1}{\376\377\213\276\213\241\151\202\217\360}{chapter.5}% 20
\BOOKMARK [1][-]{section.5.2}{\376\377\213\276\213\241\176\306\202\202}{chapter.5}% 21
\BOOKMARK [2][-]{subsection.5.2.1}{\376\377\123\330\221\317\166\204\133\232\116\111\124\214\122\035\131\313\123\026}{section.5.2}% 22
\BOOKMARK [2][-]{subsection.5.2.2}{\376\377\123\330\221\317\166\204\213\277\225\356\124\214\215\113\120\074}{section.5.2}% 23
\BOOKMARK [2][-]{subsection.5.2.3}{\376\377\210\150\217\276\137\017\213\241\173\227}{section.5.2}% 24
\BOOKMARK [2][-]{subsection.5.2.4}{\376\377\143\247\122\066\155\101\377\010\137\252\163\257\124\214\122\006\145\057\377\011}{section.5.2}% 25
\BOOKMARK [2][-]{subsection.5.2.5}{\376\377\145\160\176\304\166\204\213\277\225\356}{section.5.2}% 26
\BOOKMARK [2][-]{subsection.5.2.6}{\376\377\167\355\215\357\154\102\120\074}{section.5.2}% 27
\BOOKMARK [1][-]{section.5.3}{\376\377\177\026\170\001\124\016\166\204\117\356\145\071}{chapter.5}% 28
\BOOKMARK [0][-]{chapter.6}{\376\377\166\356\150\007\116\343\170\001\165\037\142\020}{}% 29
\BOOKMARK [1][-]{section.6.1}{\376\377\213\276\213\241\151\202\217\360}{chapter.6}% 30
\BOOKMARK [1][-]{section.6.2}{\376\377\213\276\213\241\176\306\202\202}{chapter.6}% 31
\BOOKMARK [2][-]{subsection.6.2.1}{\376\377\133\304\133\130\126\150\122\006\221\115}{section.6.2}% 32
\BOOKMARK [2][-]{subsection.6.2.2}{\376\377\217\320\210\114\145\366\133\130\120\250\173\241\164\006}{section.6.2}% 33
\BOOKMARK [2][-]{subsection.6.2.3}{\376\377\121\375\145\160\214\003\165\050\166\204\163\260\127\072\122\007\143\142\116\016\140\142\131\015}{section.6.2}% 34
\BOOKMARK [2][-]{subsection.6.2.4}{\376\377\145\160\176\304\133\373\127\100\166\204\213\241\173\227}{section.6.2}% 35
\BOOKMARK [1][-]{section.6.3}{\376\377\177\026\170\001\124\016\166\204\117\356\145\071}{chapter.6}% 36
\BOOKMARK [0][-]{chapter.7}{\376\377\116\343\170\001\117\030\123\026}{}% 37
\BOOKMARK [1][-]{section.7.1}{\376\377\213\276\213\241\151\202\217\360}{chapter.7}% 38
\BOOKMARK [1][-]{section.7.2}{\376\377\117\123\174\373\176\323\147\204\145\340\121\163\117\030\123\026}{chapter.7}% 39
\BOOKMARK [2][-]{subsection.7.2.1}{\376\377\155\101\126\376\136\372\172\313}{section.7.2}% 40
\BOOKMARK [2][-]{subsection.7.2.2}{\376\377\124\010\136\166\127\372\147\054\127\127}{section.7.2}% 41
\BOOKMARK [2][-]{subsection.7.2.3}{\376\377\172\245\133\124\117\030\123\026}{section.7.2}% 42
\BOOKMARK [2][-]{subsection.7.2.4}{\376\377\122\060\217\276\133\232\116\111\122\006\147\220}{section.7.2}% 43
\BOOKMARK [2][-]{subsection.7.2.5}{\376\377\136\070\221\317\117\040\144\255}{section.7.2}% 44
\BOOKMARK [2][-]{subsection.7.2.6}{\376\377\131\015\121\231\117\040\144\255}{section.7.2}% 45
\BOOKMARK [2][-]{subsection.7.2.7}{\376\377\127\372\147\054\127\127\121\205\220\350\166\204\153\173\116\343\170\001\122\040\226\144}{section.7.2}% 46
\BOOKMARK [2][-]{subsection.7.2.8}{\376\377\155\073\215\303\123\330\221\317\122\006\147\220}{section.7.2}% 47
\BOOKMARK [2][-]{subsection.7.2.9}{\376\377\215\350\127\372\147\054\127\127\166\204\153\173\116\343\170\001\122\040\226\144}{section.7.2}% 48
\BOOKMARK [2][-]{subsection.7.2.10}{\376\377\137\252\163\257\176\323\147\204\117\030\123\026}{section.7.2}% 49
\BOOKMARK [1][-]{section.7.3}{\376\377\117\123\174\373\176\323\147\204\166\370\121\163\117\030\123\026}{chapter.7}% 50
\BOOKMARK [2][-]{subsection.7.3.1}{\376\377\126\376\167\100\202\162\133\304\133\130\126\150\122\006\221\115}{section.7.3}% 51
\BOOKMARK [2][-]{subsection.7.3.2}{\376\377\116\130\226\144\117\030\123\026}{section.7.3}% 52
\BOOKMARK [2][-]{subsection.7.3.3}{\376\377\143\007\116\344\220\011\142\351\117\030\123\026}{section.7.3}% 53
\BOOKMARK [0][-]{chapter.8}{\376\377\176\323\213\355}{}% 54
